0 info it worked if it ends with ok
1 verbose cli [ 'node', '/usr/local/bin/npm', 'install', '-g', 'tty.js' ]
2 info using npm@2.7.3
3 info using node@v0.12.1
4 silly cache add args [ 'tty.js', null ]
5 verbose cache add spec tty.js
6 silly cache add parsed spec { raw: 'tty.js',
6 silly cache add   scope: null,
6 silly cache add   name: 'tty.js',
6 silly cache add   rawSpec: '',
6 silly cache add   spec: '*',
6 silly cache add   type: 'range' }
7 verbose addNamed tty.js@*
8 silly addNamed semver.valid null
9 silly addNamed semver.validRange *
10 silly addNameRange { name: 'tty.js', range: '*', hasData: false }
11 silly mapToRegistry name tty.js
12 silly mapToRegistry using default registry
13 silly mapToRegistry registry https://registry.npmjs.org/
14 silly mapToRegistry uri https://registry.npmjs.org/tty.js
15 verbose addNameRange registry:https://registry.npmjs.org/tty.js not in flight; fetching
16 verbose request uri https://registry.npmjs.org/tty.js
17 verbose request no auth needed
18 info attempt registry request try #1 at 11:05:08 PM
19 verbose request id a4d12c2b409753d7
20 verbose etag "F48WP5BRXO1FUGQ72873CNC7N"
21 http request GET https://registry.npmjs.org/tty.js
22 http 304 https://registry.npmjs.org/tty.js
23 silly get cb [ 304,
23 silly get   { date: 'Fri, 27 Mar 2015 03:05:09 GMT',
23 silly get     server: 'Apache',
23 silly get     via: '1.1 varnish',
23 silly get     'last-modified': 'Fri, 27 Mar 2015 03:05:09 GMT',
23 silly get     'cache-control': 'max-age=60',
23 silly get     etag: '"F48WP5BRXO1FUGQ72873CNC7N"',
23 silly get     age: '0',
23 silly get     'x-served-by': 'cache-iad2136-IAD',
23 silly get     'x-cache': 'MISS',
23 silly get     'x-cache-hits': '0',
23 silly get     'x-timer': 'S1427425509.055399,VS0,VE70',
23 silly get     vary: 'Accept',
23 silly get     'content-length': '0',
23 silly get     'keep-alive': 'timeout=10, max=50',
23 silly get     connection: 'Keep-Alive' } ]
24 verbose etag https://registry.npmjs.org/tty.js from cache
25 verbose get saving tty.js to /Users/chetantonde/.npm/registry.npmjs.org/tty.js/.cache.json
26 silly addNameRange number 2 { name: 'tty.js', range: '*', hasData: true }
27 silly addNameRange versions [ 'tty.js',
27 silly addNameRange   [ '0.0.1',
27 silly addNameRange     '0.0.2',
27 silly addNameRange     '0.0.3',
27 silly addNameRange     '0.0.4',
27 silly addNameRange     '0.0.4-1',
27 silly addNameRange     '0.0.5',
27 silly addNameRange     '0.0.6',
27 silly addNameRange     '0.0.7',
27 silly addNameRange     '0.0.8',
27 silly addNameRange     '0.0.9',
27 silly addNameRange     '0.1.0',
27 silly addNameRange     '0.1.1',
27 silly addNameRange     '0.1.2',
27 silly addNameRange     '0.1.3',
27 silly addNameRange     '0.1.4',
27 silly addNameRange     '0.1.5',
27 silly addNameRange     '0.1.5-1',
27 silly addNameRange     '0.1.5-2',
27 silly addNameRange     '0.1.6',
27 silly addNameRange     '0.1.7',
27 silly addNameRange     '0.1.8',
27 silly addNameRange     '0.1.8-1',
27 silly addNameRange     '0.1.9',
27 silly addNameRange     '0.2.0',
27 silly addNameRange     '0.2.5',
27 silly addNameRange     '0.2.6',
27 silly addNameRange     '0.2.7',
27 silly addNameRange     '0.2.8',
27 silly addNameRange     '0.2.9',
27 silly addNameRange     '0.2.10',
27 silly addNameRange     '0.2.12-1',
27 silly addNameRange     '0.2.12-2',
27 silly addNameRange     '0.2.13' ] ]
28 verbose addNamed tty.js@0.2.13
29 silly addNamed semver.valid 0.2.13
30 silly addNamed semver.validRange 0.2.13
31 silly cache afterAdd tty.js@0.2.13
32 verbose afterAdd /Users/chetantonde/.npm/tty.js/0.2.13/package/package.json not in flight; writing
33 verbose afterAdd /Users/chetantonde/.npm/tty.js/0.2.13/package/package.json written
34 silly install resolved [ { name: 'tty.js',
34 silly install resolved     description: 'A terminal for your browser',
34 silly install resolved     author: { name: 'Christopher Jeffrey' },
34 silly install resolved     version: '0.2.13',
34 silly install resolved     main: './index.js',
34 silly install resolved     bin: { 'tty.js': './bin/tty.js' },
34 silly install resolved     man: [ './man/tty.js.1' ],
34 silly install resolved     preferGlobal: false,
34 silly install resolved     repository: { type: 'git', url: 'git://github.com/chjj/tty.js.git' },
34 silly install resolved     homepage: 'https://github.com/chjj/tty.js',
34 silly install resolved     bugs: { url: 'https://github.com/chjj/tty.js/issues' },
34 silly install resolved     keywords: [ 'tty', 'terminal', 'term', 'xterm' ],
34 silly install resolved     tags: [ 'tty', 'terminal', 'term', 'xterm' ],
34 silly install resolved     dependencies:
34 silly install resolved      { express: '3.1.0',
34 silly install resolved        'socket.io': '0.9.13',
34 silly install resolved        'pty.js': '0.2.3',
34 silly install resolved        'term.js': '0.0.3' },
34 silly install resolved     engines: { node: '>= 0.8.0' },
34 silly install resolved     _id: 'tty.js@0.2.13',
34 silly install resolved     dist:
34 silly install resolved      { shasum: 'c491abe1d362976b97064afb744318a5853bf6e6',
34 silly install resolved        tarball: 'http://registry.npmjs.org/tty.js/-/tty.js-0.2.13.tgz' },
34 silly install resolved     _from: 'tty.js@*',
34 silly install resolved     _npmVersion: '1.2.14',
34 silly install resolved     _npmUser: { name: 'chjj', email: 'chjjeffrey@gmail.com' },
34 silly install resolved     maintainers: [ [Object] ],
34 silly install resolved     directories: {},
34 silly install resolved     _shasum: 'c491abe1d362976b97064afb744318a5853bf6e6',
34 silly install resolved     _resolved: 'https://registry.npmjs.org/tty.js/-/tty.js-0.2.13.tgz',
34 silly install resolved     readme: 'ERROR: No README data found!' } ]
35 info install tty.js@0.2.13 into /usr/local/lib
36 info installOne tty.js@0.2.13
37 verbose installOne of tty.js to /usr/local/lib not in flight; installing
38 verbose lock using /Users/chetantonde/.npm/_locks/tty-js-de12dbe4239528ca.lock for /usr/local/lib/node_modules/tty.js
39 silly install write writing tty.js 0.2.13 to /usr/local/lib/node_modules/tty.js
40 silly cache addNamed cb tty.js@0.2.13
41 verbose unbuild lib/node_modules/tty.js
42 info preuninstall tty.js@0.2.13
43 info uninstall tty.js@0.2.13
44 verbose unbuild rmStuff tty.js@0.2.13 from /usr/local/lib/node_modules
45 silly gentlyRm /usr/local/bin/tty.js is being gently removed
46 silly gentlyRm verifying /usr/local is an npm working directory
47 verbose rmMans man files are [ './man/tty.js.1' ] in /usr/local/share/man
48 silly rmMan preparing to remove ./man/tty.js.1
49 silly gentlyRm /usr/local/share/man/man1/tty.js.1.1 is being gently removed
50 silly gentlyRm verifying /usr/local is an npm working directory
51 silly gentlyRm containing path /usr/local is under npm's control, in /usr/local
52 silly gentlyRm deletion target /usr/local/bin/tty.js is under /usr/local
53 verbose gentlyRm vacuuming from /usr/local/bin/tty.js up to /usr/local
54 silly gentlyRm containing path /usr/local is under npm's control, in /usr/local
55 silly gentlyRm deletion target /usr/local/share/man/man1/tty.js.1.1 is under /usr/local
56 verbose gentlyRm vacuuming from /usr/local/share/man/man1/tty.js.1.1 up to /usr/local
57 info postuninstall tty.js@0.2.13
58 silly gentlyRm /usr/local/lib/node_modules/tty.js is being purged from base /usr/local
59 verbose gentlyRm don't care about contents; nuking /usr/local/lib/node_modules/tty.js
60 silly vacuum-fs purging /usr/local/lib/node_modules/tty.js
61 verbose unlock done using /Users/chetantonde/.npm/_locks/tty-js-de12dbe4239528ca.lock for /usr/local/lib/node_modules/tty.js
62 verbose stack Error: EACCES, rmdir '/usr/local/lib/node_modules/tty.js'
62 verbose stack     at Error (native)
63 verbose cwd /Users/chetantonde/Dropbox/newsite
64 error Darwin 14.3.0
65 error argv "node" "/usr/local/bin/npm" "install" "-g" "tty.js"
66 error node v0.12.1
67 error npm  v2.7.3
68 error path /usr/local/lib/node_modules/tty.js
69 error code EACCES
70 error errno -13
71 error Error: EACCES, rmdir '/usr/local/lib/node_modules/tty.js'
71 error     at Error (native)
71 error  { [Error: EACCES, rmdir '/usr/local/lib/node_modules/tty.js']
71 error   errno: -13,
71 error   code: 'EACCES',
71 error   path: '/usr/local/lib/node_modules/tty.js' }
72 error Please try running this command again as root/Administrator.
73 verbose exit [ -13, true ]
74 verbose unbuild lib/node_modules/tty.js
75 info preuninstall tty.js@0.2.13
76 info uninstall tty.js@0.2.13
77 verbose unbuild rmStuff tty.js@0.2.13 from /usr/local/lib/node_modules
78 silly gentlyRm /usr/local/bin/tty.js is being gently removed
79 silly gentlyRm verifying /usr/local is an npm working directory
80 verbose rmMans man files are [ './man/tty.js.1' ] in /usr/local/share/man
81 silly rmMan preparing to remove ./man/tty.js.1
82 silly gentlyRm /usr/local/share/man/man1/tty.js.1.1 is being gently removed
83 silly gentlyRm verifying /usr/local is an npm working directory
84 silly gentlyRm containing path /usr/local is under npm's control, in /usr/local
85 silly gentlyRm deletion target /usr/local/bin/tty.js is under /usr/local
86 verbose gentlyRm vacuuming from /usr/local/bin/tty.js up to /usr/local
87 silly gentlyRm containing path /usr/local is under npm's control, in /usr/local
88 silly gentlyRm deletion target /usr/local/share/man/man1/tty.js.1.1 is under /usr/local
89 verbose gentlyRm vacuuming from /usr/local/share/man/man1/tty.js.1.1 up to /usr/local
90 info postuninstall tty.js@0.2.13
91 silly gentlyRm /usr/local/lib/node_modules/tty.js is being purged from base /usr/local
92 verbose gentlyRm don't care about contents; nuking /usr/local/lib/node_modules/tty.js
93 silly vacuum-fs purging /usr/local/lib/node_modules/tty.js
94 error error rolling back Error: EACCES, rmdir '/usr/local/lib/node_modules/tty.js'
94 error error rolling back     at Error (native)
94 error error rolling back  { [Error: EACCES, rmdir '/usr/local/lib/node_modules/tty.js']
94 error error rolling back   errno: -13,
94 error error rolling back   code: 'EACCES',
94 error error rolling back   path: '/usr/local/lib/node_modules/tty.js' }
